Log file open, 07/11/14 00:46:30
LogInit:Display: Running engine for game: MyProject3
LogInit: Version: 4.2.0-2092659+++depot+UE4-Releases+4.2
LogInit: Compiled (64-bit): Jun  3 2014 00:56:21
LogInit: Build Configuration: Development
LogInit: Branch Name: ++depot+UE4-Releases+4.2
LogInit: Command line: 
LogInit: Base directory: D:/Program Files/Unreal Engine/4.2/Engine/Binaries/Win64/
LogInit: Rocket: 1
[2014.07.11-05.46.30:037][  0]LogTaskGraph: Started task graph with 3 named threads and 4 total threads.
[2014.07.11-05.46.30:063][  0]LogOnline:Warning: No default platform service specified for OnlineSubsystem
[2014.07.11-05.46.30:067][  0]LogInit: Presizing for 0 objects not considered by GC, pre-allocating 0 bytes.
[2014.07.11-05.46.30:072][  0]LogInit: Object subsystem initialized
[2014.07.11-05.46.30:074][  0]LogInit: Selected Device Profile: [Windows]
[2014.07.11-05.46.30:074][  0]LogInit: Applying CVar settings loaded from the selected device profile: [Windows]
[2014.07.11-05.46.30:076][  0]LogInit: Computer: CHRIS-RIG
[2014.07.11-05.46.30:076][  0]LogInit: User: Chris
[2014.07.11-05.46.30:078][  0]LogInit: CPU Page size=4096, Cores=4
[2014.07.11-05.46.30:078][  0]LogInit: High frequency timer resolution =3.420549 MHz
[2014.07.11-05.46.30:078][  0]LogMemory: Memory total: Physical=16.0GB (16GB approx) Virtual=131072.0GB
[2014.07.11-05.46.30:078][  0]LogMemory: Platform Memory Stats for Windows
[2014.07.11-05.46.30:078][  0]LogMemory: Process Physical Memory: 53.82 MB used, 53.82 MB peak
[2014.07.11-05.46.30:078][  0]LogMemory: Process Virtual Memory: 29.60 MB used, 29.60 MB peak
[2014.07.11-05.46.30:078][  0]LogMemory: Physical Memory: 3818.96 MB used, 16336.30 MB total
[2014.07.11-05.46.30:078][  0]LogMemory: Virtual Memory: 246.07 MB used, 134217728.00 MB total
[2014.07.11-05.46.30:099][  0]LogD3D11RHI: Found D3D11 adapter 0: NVIDIA GeForce GTX 660 Ti (Feature Level 11_0)
[2014.07.11-05.46.30:099][  0]LogD3D11RHI: Adapter has 1989MB of dedicated video memory, 0MB of dedicated system memory, and 2048MB of shared system memory, 2 output[s]
[2014.07.11-05.46.30:100][  0]LogD3D11RHI: Found D3D11 adapter 1: Microsoft Basic Render Driver (Feature Level 11_0)
[2014.07.11-05.46.30:100][  0]LogD3D11RHI: Adapter has 0MB of dedicated video memory, 0MB of dedicated system memory, and 256MB of shared system memory, 0 output[s]
[2014.07.11-05.46.30:100][  0]LogD3D11RHI: Chosen D3D11 Adapter Id = 0
[2014.07.11-05.46.30:105][  0]LogRHI: Texture pool is 1361 MB (70% of 1945 MB)
[2014.07.11-05.46.30:112][  0]LogD3D11RHI: Async texture creation enabled
[2014.07.11-05.46.30:184][  0]LogContentStreaming: Texture pool size is 0.000000MB
[2014.07.11-05.46.30:783][  0]LogTargetPlatformManager:Display: Building Assets For Windows
[2014.07.11-05.46.30:837][  0]LogTargetPlatformManager:Display: Building Assets For Windows
[2014.07.11-05.46.30:858][  0]LogDerivedDataCache:Display: Max Cache Size: 512 MB
[2014.07.11-05.46.30:889][  0]LogDerivedDataCache: Loaded boot cache 0.03s 39MB C:/Users/Chris/AppData/Local/UnrealEngine/4.2/DerivedDataCache/Boot.ddc.
[2014.07.11-05.46.30:890][  0]LogDerivedDataCache:Display: Loaded Boot cache: C:/Users/Chris/AppData/Local/UnrealEngine/4.2/DerivedDataCache/Boot.ddc
[2014.07.11-05.46.30:890][  0]LogDerivedDataCache: FDerivedDataBackendGraph:  Pak pak cache file C:/Users/Chris/Documents/GitHub/FasterThanSmell/DerivedDataCache/DDC.ddp not found, will not use a pak cache.
[2014.07.11-05.46.30:890][  0]LogDerivedDataCache: Unable to find inner node Pak for hierarchical cache Hierarchy.
[2014.07.11-05.46.30:897][  0]LogDerivedDataCache:Display: Pak cache opened for reading ../../../Engine/DerivedDataCache/DDC.ddp.
[2014.07.11-05.46.30:909][  0]LogDerivedDataCache: Using Local data cache path C:/Users/Chris/AppData/Local/UnrealEngine/4.2/DerivedDataCache: Writable
[2014.07.11-05.46.31:015][  0]LogMeshUtilities: No automatic mesh reduction module available
[2014.07.11-05.46.31:015][  0]LogMeshUtilities: No automatic mesh merging module available
[2014.07.11-05.46.31:243][  0]LogInit: WinSock: version 1.1 (2.2), MaxSocks=32767, MaxUdp=65467
[2014.07.11-05.46.31:464][  0]LogStreaming:Warning: Failed to read file '../../../Engine/Content/Editor/Slate/Icons/ActorIcons/GroupActor_16x.png' error.
[2014.07.11-05.46.31:464][  0]LogSlate: Could not find file for Slate resource: ../../../Engine/Content/Editor/Slate/Icons/ActorIcons/GroupActor_16x.png
[2014.07.11-05.46.31:468][  0]LogStreaming:Warning: Failed to read file '../../../Engine/Content/Editor/Slate/Icons/ActorIcons/DecalActor_16x.png' error.
[2014.07.11-05.46.31:468][  0]LogSlate: Could not find file for Slate resource: ../../../Engine/Content/Editor/Slate/Icons/ActorIcons/DecalActor_16x.png
[2014.07.11-05.46.31:648][  0]UdpMessaging: Initializing bridge on interface 0.0.0.0:0 to multicast group 230.0.0.1:6666.
[2014.07.11-05.46.31:717][  0]SourceControl: Info Source control is disabled
[2014.07.11-05.46.31:717][  0]SourceControl: Info Source control is disabled
[2014.07.11-05.46.31:720][  0]SourceControl: Info Source control is disabled
[2014.07.11-05.46.31:772][  0]BlueprintLog: New page: Editor Load
[2014.07.11-05.46.31:792][  0]LogObj: 19136 objects as part of root set at end of initial load.
[2014.07.11-05.46.31:792][  0]LogUObjectAllocator: 3804648 out of 0 bytes used by permanent object pool.
[2014.07.11-05.46.31:963][  0]LogEngine: Initializing Engine...
[2014.07.11-05.46.32:046][  0]LogInit: XAudio2 using 'Speakers (Logitech G930 Headset)' : 8 channels at 48 kHz using 16 bits per sample (channel mask 0x63f)
[2014.07.11-05.46.32:051][  0]LogInit: FAudioDevice initialized.
[2014.07.11-05.46.32:069][  0]LogDerivedDataCache: Saved boot cache 0.02s 39MB C:/Users/Chris/AppData/Local/UnrealEngine/4.2/DerivedDataCache/Boot.ddc.
[2014.07.11-05.46.32:073][  0]LogInit: Texture streaming: Enabled
[2014.07.11-05.46.32:092][  0]LogInit: Transaction tracking system initialized
[2014.07.11-05.46.32:153][  0]LogAssetRegistry: FAssetRegistry took 0.0112 seconds to start up
[2014.07.11-05.46.32:233][  0]LogModuleManager:Warning: ModuleManager: Unable to load module '' because the file was not found.
[2014.07.11-05.46.32:236][  0]LogModuleManager:Warning: ModuleManager: Unable to load module '' because the file was not found.
[2014.07.11-05.46.32:261][  0]LogConsoleResponse:Display: 
[2014.07.11-05.46.32:396][  0]SourceControl: Info Source control is disabled
[2014.07.11-05.46.32:396][  0]Cmd: MAP LOAD FILE="C:/Users/Chris/Documents/GitHub/FasterThanSmell/Content/Maps/Minimal_Default.umap" TEMPLATE=0 SHOWPROGRESS=1 WORLDCOMPOSITION=0
[2014.07.11-05.46.32:397][  0]LightingResults: New page: Lighting Build
[2014.07.11-05.46.32:401][  0]MapCheck: New page: Map Check
[2014.07.11-05.46.32:401][  0]LightingResults: New page: Lighting Build
[2014.07.11-05.46.32:411][  0]LogParticles: Destroying 0 GPU particle simulations for FXSystem 0x0000002321260AE0
[2014.07.11-05.46.32:524][  0]LogLinker:Warning: Asset 'C:/Users/Chris/Documents/GitHub/FasterThanSmell/Content/Props/SM_MatPreviewMesh_02.uasset' has been saved with empty engine version. The asset will be loaded but may be incompatible.
[2014.07.11-05.46.32:575][  0]LogEditorServer: Finished looking for orphan Actors (0.000 secs)
[2014.07.11-05.46.32:575][  0]Cmd: MAP CHECKDEP
[2014.07.11-05.46.32:575][  0]MapCheck: New page: Minimal_Default - Jul 10, 2014, 7:46:32 PM
[2014.07.11-05.46.32:598][  0]MapCheck: Info ========== Map Check: 0 Error(s), 0 Warning(s), [22.622ms] ==========
[2014.07.11-05.46.32:598][  0]LogFileHelpers: Loading map 'Minimal_Default' took 0.202
[2014.07.11-05.46.32:673][  0]LogCollectionManager: Loaded 0 collections in 0.000843 seconds
[2014.07.11-05.46.32:727][  0]LogCrashTracker: Crashtracker disabled due to settings.
[2014.07.11-05.46.32:727][  0]Cmd: MODE PLACEMENT
[2014.07.11-05.46.32:810][  0]LogLoad: Full Startup: 3.23 seconds (BP compile: 0.06 seconds)
[2014.07.11-05.46.32:819][  0]LogContentBrowser:Verbose: The content browser source was changed by the sources view to '/Game/Blueprints'
[2014.07.11-05.46.32:886][  0]LogRenderer:Warning: Reallocating scene render targets to support 32x32.
[2014.07.11-05.46.32:985][  0]LogRenderer:Warning: Reallocating scene render targets to support 1520x1256.
[2014.07.11-05.46.33:198][  1]LogEpicStorage:Warning: EnumerateFiles request failed. Invalid response. code=403 error=<?xml version="1.0" encoding="UTF-8"?>
<Error><Code>AccessDenied</Code><Message>Access Denied</Message><RequestId>5F6B36CADBA61F94</RequestId><HostId>nKzH2knVLAz8F7eHwbSfek65JDkPqzEjJQzb1n4Iqbh/SD8B2SZA9PXaSariawK/</HostId></Error>
[2014.07.11-05.46.33:240][  2]LogEpicSurvey:Warning: EnumerateFiles request failed. Invalid response. code=403 error=<?xml version="1.0" encoding="UTF-8"?>
<Error><Code>AccessDenied</Code><Message>Access Denied</Message><RequestId>BF6251A28C77BF17</RequestId><HostId>2x59rI5mlPVA5N4gRiX+62HewDdo1KHVxUvjEjUW+koh8jTCfQ8Plf9uPh5yi3c7</HostId></Error>
[2014.07.11-05.46.33:287][  3]LogEpicStorage:Warning: EnumerateFiles request failed. Invalid response. code=403 error=<?xml version="1.0" encoding="UTF-8"?>
<Error><Code>AccessDenied</Code><Message>Access Denied</Message><RequestId>68B0C85F8CC30A44</RequestId><HostId>j8Xu21x41F/o0elcnqLAcIT2RQsRMJmvK+oyUEt/RqchG8fuR9BRufkzVZnnCloM</HostId></Error>
[2014.07.11-05.46.33:329][  4]LogEpicSurvey:Warning: EnumerateFiles request failed. Invalid response. code=403 error=<?xml version="1.0" encoding="UTF-8"?>
<Error><Code>AccessDenied</Code><Message>Access Denied</Message><RequestId>08E18060EC3EA73C</RequestId><HostId>wNJvcNUrSAukd4Yp+wreKsPun5Pa8YpZrz3gvTeKWk+Jb956XJGYWGD9ZaXU+1le</HostId></Error>
[2014.07.11-05.46.33:386][  7]LogEpicSurvey:Warning: EnumerateFiles request failed. Invalid response. code=403 error=<?xml version="1.0" encoding="UTF-8"?>
<Error><Code>AccessDenied</Code><Message>Access Denied</Message><RequestId>6DD5DC1FFAC7ABB1</RequestId><HostId>BzbH9wandVMsysNTJ+SBtIePUch6DlxucdSgay4hpeKz7HjRWYxNvDLuuYMX3LQI</HostId></Error>
[2014.07.11-05.46.33:397][  8]LogEpicStorage:Warning: ReadFile request failed. File request already pending for filename=http://cdn.unrealengine.com/newsfeed/blueprint_icon_b.png
[2014.07.11-05.46.33:398][  8]LogEpicStorage:Warning: ReadFile request failed. File request already pending for filename=http://cdn.unrealengine.com/newsfeed/blueprint_icon_b.png
[2014.07.11-05.46.36:061][173]LogAssetRegistry: Asset discovery search completed in 3.9196 seconds
[2014.07.11-05.47.31:820][677]LogActorComponent: UnregisterComponent: (/Engine/Transient.ProjectileMovementComponent_0) Not registered. Aborting.
[2014.07.11-05.47.31:820][677]LogActorComponent: UnregisterComponent: (/Engine/Transient.ProjectileMovementComponent_1) Not registered. Aborting.
[2014.07.11-05.47.31:837][677]Cmd: MAP LOAD FILE="C:/Users/Chris/Documents/GitHub/FasterThanSmell/Content/Maps/first.umap" TEMPLATE=0 SHOWPROGRESS=1 WORLDCOMPOSITION=0
[2014.07.11-05.47.31:838][677]LightingResults: New page: Lighting Build
[2014.07.11-05.47.31:838][677]Cmd: MODE PLACEMENT
[2014.07.11-05.47.31:853][677]LoadErrors: New page: Loading map: first.umap
[2014.07.11-05.47.31:854][677]MapCheck: New page: Map Check
[2014.07.11-05.47.31:854][677]LightingResults: New page: Lighting Build
[2014.07.11-05.47.31:866][677]LogParticles: Destroying 0 GPU particle simulations for FXSystem 0x000000231C0594E0
[2014.07.11-05.47.31:901][677]LogLinker:Warning: Can't find file '/Game/stuff/panel_a_DM'
[2014.07.11-05.47.31:901][677]LogLinker:Warning: Can't find file for asset '/Game/stuff/panel_a_DM' while loading C:/Users/Chris/Documents/GitHub/FasterThanSmell/Content/Maps/first.umap.
[2014.07.11-05.47.31:901][677]LoadErrors:Error: Error /Game/Maps/first : Can't find file for asset. /Game/stuff/panel_a_DM
[2014.07.11-05.47.31:934][677]LogLinker:Warning: Can't find file '/Game/Materials/M_Metal_Black_Steel2'
[2014.07.11-05.47.31:934][677]LogLinker:Warning: Can't find file for asset '/Game/Materials/M_Metal_Black_Steel2' while loading C:/Users/Chris/Documents/GitHub/FasterThanSmell/Content/stuff/cannon.uasset.
[2014.07.11-05.47.31:935][677]LoadErrors:Error: Error /Game/stuff/cannon : Can't find file for asset. /Game/Materials/M_Metal_Black_Steel2
[2014.07.11-05.47.31:935][677]LogLinker:Warning: Can't find file '/Game/Materials/M_Metal_Black_Steel2'
[2014.07.11-05.47.31:936][677]LogLinker:Warning: Can't find file for asset '/Game/Materials/M_Metal_Black_Steel2' while loading C:/Users/Chris/Documents/GitHub/FasterThanSmell/Content/stuff/cannon.uasset.
[2014.07.11-05.47.31:936][677]LogLinker:Warning: Can't find file '/Game/stuff/panel_a_DM'
[2014.07.11-05.47.31:936][677]LogLinker:Warning: Can't find file for asset '/Game/stuff/panel_a_DM' while loading C:/Users/Chris/Documents/GitHub/FasterThanSmell/Content/Maps/first.umap.
[2014.07.11-05.47.31:960][677]LogLinker:Warning: Can't find file '/Game/Materials/M_Metal_Black_Steel2'
[2014.07.11-05.47.31:960][677]LoadErrors: Info Failed to load /Game/Materials/M_Metal_Black_Steel2.M_Metal_Black_Steel2 Referenced by cannon Property /Script/Engine.StaticMesh:Materials
[2014.07.11-05.47.31:960][677]LogLinker:Warning: Can't find file for asset '/Game/Materials/M_Metal_Black_Steel2' while loading NULL.
[2014.07.11-05.47.31:961][677]LogLinker:Warning: Can't find file '/Game/stuff/panel_a_DM'
[2014.07.11-05.47.31:961][677]LoadErrors: Info Failed to load /Game/stuff/panel_a_DM.panel_a_DM Referenced by panel_a_1 Property /Script/Engine.SkinnedMeshComponent:SkeletalMesh
[2014.07.11-05.47.31:961][677]LogLinker:Warning: Can't find file for asset '/Game/stuff/panel_a_DM' while loading NULL.
[2014.07.11-05.47.31:961][677]LogLinker:Warning: Can't find file '/Game/stuff/panel_a_DM'
[2014.07.11-05.47.31:961][677]LoadErrors: Info Failed to load /Game/stuff/panel_a_DM.panel_a_DM Referenced by panel_a_11 Property /Script/Engine.SkinnedMeshComponent:SkeletalMesh
[2014.07.11-05.47.31:961][677]LogLinker:Warning: Can't find file for asset '/Game/stuff/panel_a_DM' while loading NULL.
[2014.07.11-05.47.31:961][677]LogLinker:Warning: Can't find file '/Game/stuff/panel_a_DM'
[2014.07.11-05.47.31:961][677]LoadErrors: Info Failed to load /Game/stuff/panel_a_DM.panel_a_DM Referenced by panel_a_13 Property /Script/Engine.SkinnedMeshComponent:SkeletalMesh
[2014.07.11-05.47.31:962][677]LogLinker:Warning: Can't find file for asset '/Game/stuff/panel_a_DM' while loading NULL.
[2014.07.11-05.47.31:962][677]LogLinker:Warning: Can't find file '/Game/stuff/panel_a_DM'
[2014.07.11-05.47.31:962][677]LoadErrors: Info Failed to load /Game/stuff/panel_a_DM.panel_a_DM Referenced by panel_a_3 Property /Script/Engine.SkinnedMeshComponent:SkeletalMesh
[2014.07.11-05.47.31:962][677]LogLinker:Warning: Can't find file for asset '/Game/stuff/panel_a_DM' while loading NULL.
[2014.07.11-05.47.31:962][677]LogLinker:Warning: Can't find file '/Game/stuff/panel_a_DM'
[2014.07.11-05.47.31:962][677]LoadErrors: Info Failed to load /Game/stuff/panel_a_DM.panel_a_DM Referenced by panel_a_7 Property /Script/Engine.SkinnedMeshComponent:SkeletalMesh
[2014.07.11-05.47.31:962][677]LogLinker:Warning: Can't find file for asset '/Game/stuff/panel_a_DM' while loading NULL.
[2014.07.11-05.47.31:962][677]LogLinker:Warning: Can't find file '/Game/stuff/panel_a_DM'
[2014.07.11-05.47.31:963][677]LoadErrors: Info Failed to load /Game/stuff/panel_a_DM.panel_a_DM Referenced by panel_a_9 Property /Script/Engine.SkinnedMeshComponent:SkeletalMesh
[2014.07.11-05.47.31:963][677]LogLinker:Warning: Can't find file for asset '/Game/stuff/panel_a_DM' while loading NULL.
[2014.07.11-05.47.32:053][677]LogMaterial: Missing cached shader map for material barrel_a_Mat, compiling.
[2014.07.11-05.47.32:087][677]LogTexture:Display: Building textures: barrel_a (AutoDXT)
[2014.07.11-05.47.32:413][677]LogTexture:Display: Building textures: barrel_a_n (BC5)
[2014.07.11-05.47.32:499][677]LogStaticMesh: Building static mesh barrel_opt_small...
[2014.07.11-05.47.32:502][677]LogStaticMesh: Built static mesh [3.780387ms] /Game/stuff/barrel_opt_small.barrel_opt_small
[2014.07.11-05.47.32:520][677]LogStaticMesh: Building static mesh barrel_a_1...
[2014.07.11-05.47.32:524][677]LogStaticMesh: Built static mesh [4.797183ms] /Game/stuff/barrel_a_1.barrel_a_1
[2014.07.11-05.47.32:528][677]LogStaticMesh: Building static mesh cannon...
[2014.07.11-05.47.32:550][677]LogStaticMesh: Built static mesh [22.609236ms] /Game/stuff/cannon.cannon
[2014.07.11-05.47.32:570][677]LogStaticMesh: Building static mesh brick_a...
[2014.07.11-05.47.32:570][677]LogStaticMesh: Built static mesh [0.639079ms] /Game/stuff/brick_a.brick_a
[2014.07.11-05.47.32:584][677]LogTexture:Display: Building textures: railing_a_d (AutoDXT)
[2014.07.11-05.47.32:736][677]LogTexture:Display: Building textures: railing_a_n (BC5)
[2014.07.11-05.47.32:827][677]LogMaterial: Missing cached shader map for material railing_a_d_Mat, compiling.
[2014.07.11-05.47.32:842][677]LogStaticMesh: Building static mesh railing_a...
[2014.07.11-05.47.32:844][677]LogStaticMesh: Built static mesh [10.195439ms] /Game/stuff/railing_a.railing_a
[2014.07.11-05.47.32:915][677]LogMaterial:Warning: Material /Game/Materials/M_Water_Ocean.M_Water_Ocean needed to have new flag set bUsedWithLandscape !
[2014.07.11-05.47.32:916][677]LogMaterial: Missing cached shader map for material M_Water_Ocean, compiling.
[2014.07.11-05.47.32:920][677]LogMaterial: 0.000167 seconds spent updating 1 materials, 1 interfaces, 65 instances, 0 with static permutations.
[2014.07.11-05.47.32:954][677]LogEditorServer: Finished looking for orphan Actors (0.000 secs)
[2014.07.11-05.47.32:971][677]Cmd: MAP CHECKDEP
[2014.07.11-05.47.32:971][677]MapCheck: New page: first - Jul 10, 2014, 7:47:32 PM
[2014.07.11-05.47.32:999][677]MapCheck: Info ========== Map Check: 0 Error(s), 0 Warning(s), [28.372ms] ==========
[2014.07.11-05.47.32:999][677]LogFileHelpers: Loading map 'first' took 1.162
[2014.07.11-05.47.33:030][678]Cmd: UpdateLandscapeEditorData -warnings
[2014.07.11-05.47.33:031][678]Cmd: UpdateLandscapeEditorData
[2014.07.11-05.48.03:866][716]LogPlayLevel: PIE:  No blueprints needed recompiling
[2014.07.11-05.48.03:866][716]PIE: New page: SIE session: first (Jul 10, 2014, 7:48:03 PM)
[2014.07.11-05.48.03:888][716]LogPlayLevel: PIE: StaticDuplicateObject took: (0.022144s)
[2014.07.11-05.48.03:889][716]LogPlayLevel: PIE: World Init took: (0.000530s)
[2014.07.11-05.48.03:889][716]LogPlayLevel: PIE: Created PIE world by copying editor world from /Game/Maps/first.first to /Game/Maps/UEDPIE_0_first.first (0.022874s)
[2014.07.11-05.48.03:889][716]LogWorld: Game class is 'GameMode'
[2014.07.11-05.48.03:957][716]LogWorld: Bringing World /Game/Maps/UEDPIE_0_first.first up for play (max tick rate 0) at 2014.07.11-00.48.03
[2014.07.11-05.48.04:008][716]LogWorld: Bringing up level for play took: 0.063126
[2014.07.11-05.48.04:008][716]LogPlayerController: Spawned spectator SpectatorPawn_0 [server:1]
[2014.07.11-05.48.04:020][716]PIE: Info Play in editor start time for /Game/Maps/UEDPIE_0_first -0.087
[2014.07.11-05.48.04:136][717]LogRenderer:Warning: Reallocating scene render targets to support 1520x1264.
[2014.07.11-05.48.10:034][948]LogEditorViewport: Clicking on Actor (LMB): BP_Sky_Sphere_C (BP_Sky_Shere)
[2014.07.11-05.48.10:034][948]LogSelection:Warning: PIE object was selected: "BP_Sky_Sphere_C /Game/Maps/UEDPIE_0_first.first:PersistentLevel.BP_Sky_Shere_74"
[2014.07.11-05.49.03:882][585]LogActorComponent: UnregisterComponent: (/Engine/Transient.ProjectileMovementComponent_2) Not registered. Aborting.
[2014.07.11-05.49.07:116][670]LogEditorViewport: Clicking on Actor (LMB): SkeletalMeshActor (barrel_skel_PhysicsAsset_2)
[2014.07.11-05.49.07:116][670]LogSelection:Warning: PIE object was selected: "SkeletalMeshActor /Game/Maps/UEDPIE_0_first.first:PersistentLevel.barrel_skel_PhysicsAsset_2"
[2014.07.11-05.49.07:171][670]LogEditorPhysMode:Warning: End Tracking
[2014.07.11-05.49.07:961][698]LogEditorPhysMode:Warning: Start Tracking
[2014.07.11-05.49.08:124][701]LogEditorPhysMode:Warning: Mouse: X=0.000 Y=0.000 Z=140.000 InDrag: X=0.000 Y=0.000 Z=140.000  InRot: P=0.000000 Y=0.000000 R=0.000000
[2014.07.11-05.49.08:214][703]LogEditorPhysMode:Warning: Mouse: X=0.000 Y=0.000 Z=240.000 InDrag: X=0.000 Y=0.000 Z=70.000  InRot: P=0.000000 Y=0.000000 R=0.000000
[2014.07.11-05.49.08:303][705]LogEditorPhysMode:Warning: Mouse: X=0.000 Y=0.000 Z=280.000 InDrag: X=0.000 Y=0.000 Z=40.000  InRot: P=0.000000 Y=0.000000 R=0.000000
[2014.07.11-05.49.08:391][707]LogEditorPhysMode:Warning: Mouse: X=0.000 Y=0.000 Z=300.000 InDrag: X=0.000 Y=0.000 Z=20.000  InRot: P=0.000000 Y=0.000000 R=0.000000
[2014.07.11-05.49.08:818][717]LogEditorPhysMode:Warning: End Tracking
[2014.07.11-05.49.10:282][770]LogEditorPhysMode:Warning: Start Tracking
[2014.07.11-05.49.10:414][773]LogEditorPhysMode:Warning: Mouse: X=0.000 Y=0.000 Z=40.000 InDrag: X=0.000 Y=0.000 Z=60.000  InRot: P=0.000000 Y=0.000000 R=0.000000
[2014.07.11-05.49.10:503][775]LogEditorPhysMode:Warning: Mouse: X=0.000 Y=0.000 Z=180.000 InDrag: X=0.000 Y=0.000 Z=110.000  InRot: P=0.000000 Y=0.000000 R=0.000000
[2014.07.11-05.49.10:590][777]LogEditorPhysMode:Warning: Mouse: X=0.000 Y=0.000 Z=240.000 InDrag: X=0.000 Y=0.000 Z=40.000  InRot: P=0.000000 Y=0.000000 R=0.000000
[2014.07.11-05.49.10:676][779]LogEditorPhysMode:Warning: Mouse: X=0.000 Y=0.000 Z=260.000 InDrag: X=0.000 Y=0.000 Z=10.000  InRot: P=0.000000 Y=0.000000 R=0.000000
[2014.07.11-05.49.10:806][782]LogEditorPhysMode:Warning: Mouse: X=0.000 Y=0.000 Z=280.000 InDrag: X=0.000 Y=0.000 Z=20.000  InRot: P=0.000000 Y=0.000000 R=0.000000
[2014.07.11-05.49.10:891][784]LogEditorPhysMode:Warning: Mouse: X=0.000 Y=0.000 Z=300.000 InDrag: X=0.000 Y=0.000 Z=10.000  InRot: P=0.000000 Y=0.000000 R=0.000000
[2014.07.11-05.49.11:017][787]LogEditorPhysMode:Warning: End Tracking
[2014.07.11-05.49.11:798][814]LogEditorPhysMode:Warning: Start Tracking
[2014.07.11-05.49.11:882][816]LogEditorViewport: Clicking on Actor (LMB): SkeletalMeshActor (barrel_skel_PhysicsAsset)
[2014.07.11-05.49.11:882][816]LogSelection:Warning: PIE object was selected: "SkeletalMeshActor /Game/Maps/UEDPIE_0_first.first:PersistentLevel.barrel_skel_PhysicsAsset_3"
[2014.07.11-05.49.11:891][816]LogEditorPhysMode:Warning: End Tracking
[2014.07.11-05.49.12:737][845]LogEditorPhysMode:Warning: Start Tracking
[2014.07.11-05.49.12:868][848]LogEditorPhysMode:Warning: Mouse: X=0.000 Y=0.000 Z=80.000 InDrag: X=0.000 Y=0.000 Z=110.000  InRot: P=0.000000 Y=0.000000 R=0.000000
[2014.07.11-05.49.12:955][850]LogEditorPhysMode:Warning: Mouse: X=0.000 Y=0.000 Z=200.000 InDrag: X=0.000 Y=0.000 Z=100.000  InRot: P=0.000000 Y=0.000000 R=0.000000
[2014.07.11-05.49.13:041][852]LogEditorPhysMode:Warning: Mouse: X=0.000 Y=0.000 Z=240.000 InDrag: X=0.000 Y=0.000 Z=20.000  InRot: P=0.000000 Y=0.000000 R=0.000000
[2014.07.11-05.49.13:083][853]LogEditorPhysMode:Warning: End Tracking
[2014.07.11-05.49.16:593][980]LogEditorPhysMode:Warning: Start Tracking
[2014.07.11-05.49.16:676][982]LogEditorViewport: Clicking on Actor (LMB): StaticMeshActor (brick_opt_small_40)
[2014.07.11-05.49.16:676][982]LogSelection:Warning: PIE object was selected: "StaticMeshActor /Game/Maps/UEDPIE_0_first.first:PersistentLevel.brick_opt_small_40"
[2014.07.11-05.49.16:684][982]LogEditorPhysMode:Warning: End Tracking
[2014.07.11-05.49.17:551][ 14]LogEditorPhysMode:Warning: Start Tracking
[2014.07.11-05.49.17:685][ 17]LogEditorPhysMode:Warning: Mouse: X=0.000 Y=0.000 Z=40.000 InDrag: X=0.000 Y=0.000 Z=60.000  InRot: P=0.000000 Y=0.000000 R=0.000000
[2014.07.11-05.49.17:774][ 19]LogEditorPhysMode:Warning: Mouse: X=0.000 Y=0.000 Z=120.000 InDrag: X=0.000 Y=0.000 Z=80.000  InRot: P=0.000000 Y=0.000000 R=0.000000
[2014.07.11-05.49.17:866][ 21]LogEditorPhysMode:Warning: Mouse: X=0.000 Y=0.000 Z=160.000 InDrag: X=0.000 Y=0.000 Z=40.000  InRot: P=0.000000 Y=0.000000 R=0.000000
[2014.07.11-05.49.17:953][ 23]LogEditorPhysMode:Warning: Mouse: X=0.000 Y=0.000 Z=200.000 InDrag: X=0.000 Y=0.000 Z=30.000  InRot: P=0.000000 Y=0.000000 R=0.000000
[2014.07.11-05.49.18:253][ 30]LogEditorPhysMode:Warning: End Tracking
[2014.07.11-05.49.19:571][ 77]LogEditorPhysMode:Warning: Start Tracking
[2014.07.11-05.49.19:707][ 80]LogEditorPhysMode:Warning: Mouse: X=0.000 Y=0.000 Z=100.000 InDrag: X=0.000 Y=0.000 Z=110.000  InRot: P=0.000000 Y=0.000000 R=0.000000
[2014.07.11-05.49.19:795][ 82]LogEditorPhysMode:Warning: Mouse: X=0.000 Y=0.000 Z=200.000 InDrag: X=0.000 Y=0.000 Z=80.000  InRot: P=0.000000 Y=0.000000 R=0.000000
[2014.07.11-05.49.19:882][ 84]LogEditorPhysMode:Warning: Mouse: X=0.000 Y=0.000 Z=240.000 InDrag: X=0.000 Y=0.000 Z=30.000  InRot: P=0.000000 Y=0.000000 R=0.000000
[2014.07.11-05.49.19:969][ 86]LogEditorPhysMode:Warning: Mouse: X=0.000 Y=0.000 Z=280.000 InDrag: X=0.000 Y=0.000 Z=30.000  InRot: P=0.000000 Y=0.000000 R=0.000000
[2014.07.11-05.49.20:056][ 88]LogEditorPhysMode:Warning: Mouse: X=0.000 Y=0.000 Z=300.000 InDrag: X=0.000 Y=0.000 Z=10.000  InRot: P=0.000000 Y=0.000000 R=0.000000
[2014.07.11-05.49.20:184][ 91]LogEditorPhysMode:Warning: Mouse: X=0.000 Y=0.000 Z=320.000 InDrag: X=0.000 Y=0.000 Z=10.000  InRot: P=0.000000 Y=0.000000 R=0.000000
[2014.07.11-05.49.20:270][ 93]LogEditorPhysMode:Warning: Mouse: X=0.000 Y=0.000 Z=340.000 InDrag: X=0.000 Y=0.000 Z=10.000  InRot: P=0.000000 Y=0.000000 R=0.000000
[2014.07.11-05.49.20:355][ 95]LogEditorPhysMode:Warning: End Tracking
[2014.07.11-05.49.23:716][230]LogContentBrowser:Verbose: The content browser source was changed by the sources view to '/Game'
[2014.07.11-05.49.24:511][256]LogEditorPhysMode:Warning: Start Tracking
[2014.07.11-05.49.24:601][258]LogEditorPhysMode:Warning: Mouse: X=5.000 Y=31.000 Z=0.000 InDrag: X=-0.000 Y=0.000 Z=0.000  InRot: P=0.000000 Y=1.000000 R=0.000000
[2014.07.11-05.49.24:601][258]LogEditorPhysMode:Warning: Mouse: X=5.000 Y=31.000 Z=0.000 InDrag: X=-24.421 Y=19.095 Z=0.000  InRot: P=0.000000 Y=0.000000 R=0.000000
[2014.07.11-05.49.24:654][259]LogEditorPhysMode:Warning: Mouse: X=27.000 Y=85.000 Z=0.000 InDrag: X=-0.000 Y=0.000 Z=0.000  InRot: P=0.000000 Y=4.400000 R=0.000000
[2014.07.11-05.49.24:654][259]LogEditorPhysMode:Warning: Mouse: X=27.000 Y=85.000 Z=0.000 InDrag: X=-44.967 Y=29.900 Z=0.000  InRot: P=0.000000 Y=0.000000 R=0.000000
[2014.07.11-05.49.24:711][260]LogEditorPhysMode:Warning: Mouse: X=61.000 Y=149.000 Z=0.000 InDrag: X=-0.000 Y=0.000 Z=0.000  InRot: P=0.000000 Y=6.800000 R=0.000000
[2014.07.11-05.49.24:711][260]LogEditorPhysMode:Warning: Mouse: X=61.000 Y=149.000 Z=0.000 InDrag: X=-57.115 Y=28.878 Z=0.000  InRot: P=0.000000 Y=0.000000 R=0.000000
[2014.07.11-05.49.24:756][261]LogEditorPhysMode:Warning: Mouse: X=89.000 Y=228.000 Z=0.000 InDrag: X=-0.000 Y=0.000 Z=0.000  InRot: P=0.000000 Y=5.600000 R=0.000000
[2014.07.11-05.49.24:756][261]LogEditorPhysMode:Warning: Mouse: X=89.000 Y=228.000 Z=0.000 InDrag: X=-73.643 Y=28.596 Z=0.000  InRot: P=0.000000 Y=0.000000 R=0.000000
[2014.07.11-05.49.24:799][262]LogEditorPhysMode:Warning: Mouse: X=98.000 Y=281.000 Z=0.000 InDrag: X=-0.000 Y=0.000 Z=0.000  InRot: P=0.000000 Y=1.800000 R=0.000000
[2014.07.11-05.49.24:799][262]LogEditorPhysMode:Warning: Mouse: X=98.000 Y=281.000 Z=0.000 InDrag: X=-49.984 Y=17.623 Z=0.000  InRot: P=0.000000 Y=0.000000 R=0.000000
[2014.07.11-05.49.24:845][263]LogEditorPhysMode:Warning: Mouse: X=99.000 Y=320.000 Z=0.000 InDrag: X=-0.000 Y=0.000 Z=0.000  InRot: P=0.000000 Y=0.200000 R=0.000000
[2014.07.11-05.49.24:845][263]LogEditorPhysMode:Warning: Mouse: X=99.000 Y=320.000 Z=0.000 InDrag: X=-36.826 Y=12.840 Z=0.000  InRot: P=0.000000 Y=0.000000 R=0.000000
[2014.07.11-05.49.24:891][264]LogEditorPhysMode:Warning: Mouse: X=102.000 Y=361.000 Z=0.000 InDrag: X=-0.000 Y=0.000 Z=0.000  InRot: P=0.000000 Y=-0.600000 R=0.000000
[2014.07.11-05.49.24:891][264]LogEditorPhysMode:Warning: Mouse: X=102.000 Y=361.000 Z=0.000 InDrag: X=-38.571 Y=13.903 Z=0.000  InRot: P=0.000000 Y=0.000000 R=0.000000
[2014.07.11-05.49.24:936][265]LogEditorPhysMode:Warning: Mouse: X=106.000 Y=389.000 Z=0.000 InDrag: X=-0.000 Y=0.000 Z=0.000  InRot: P=0.000000 Y=-0.800000 R=0.000000
[2014.07.11-05.49.24:936][265]LogEditorPhysMode:Warning: Mouse: X=106.000 Y=389.000 Z=0.000 InDrag: X=-26.206 Y=9.861 Z=0.000  InRot: P=0.000000 Y=0.000000 R=0.000000
[2014.07.11-05.49.24:981][266]LogEditorPhysMode:Warning: Mouse: X=112.000 Y=408.000 Z=0.000 InDrag: X=-0.000 Y=0.000 Z=0.000  InRot: P=0.000000 Y=-1.200000 R=0.000000
[2014.07.11-05.49.24:981][266]LogEditorPhysMode:Warning: Mouse: X=112.000 Y=408.000 Z=0.000 InDrag: X=-17.639 Y=7.063 Z=0.000  InRot: P=0.000000 Y=0.000000 R=0.000000
[2014.07.11-05.49.25:027][267]LogEditorPhysMode:Warning: Mouse: X=120.000 Y=424.000 Z=0.000 InDrag: X=-0.000 Y=0.000 Z=0.000  InRot: P=0.000000 Y=-1.600000 R=0.000000
[2014.07.11-05.49.25:027][267]LogEditorPhysMode:Warning: Mouse: X=120.000 Y=424.000 Z=0.000 InDrag: X=-14.682 Y=6.360 Z=0.000  InRot: P=0.000000 Y=0.000000 R=0.000000
[2014.07.11-05.49.25:072][268]LogEditorPhysMode:Warning: Mouse: X=132.000 Y=442.000 Z=0.000 InDrag: X=-0.000 Y=0.000 Z=0.000  InRot: P=0.000000 Y=-2.400000 R=0.000000
[2014.07.11-05.49.25:072][268]LogEditorPhysMode:Warning: Mouse: X=132.000 Y=442.000 Z=0.000 InDrag: X=-16.203 Y=7.840 Z=0.000  InRot: P=0.000000 Y=0.000000 R=0.000000
[2014.07.11-05.49.25:118][269]LogEditorPhysMode:Warning: Mouse: X=144.000 Y=461.000 Z=0.000 InDrag: X=-0.000 Y=0.000 Z=0.000  InRot: P=0.000000 Y=-2.400000 R=0.000000
[2014.07.11-05.49.25:118][269]LogEditorPhysMode:Warning: Mouse: X=144.000 Y=461.000 Z=0.000 InDrag: X=-16.741 Y=8.985 Z=0.000  InRot: P=0.000000 Y=0.000000 R=0.000000
[2014.07.11-05.49.25:162][270]LogEditorPhysMode:Warning: Mouse: X=149.000 Y=471.000 Z=0.000 InDrag: X=-0.000 Y=0.000 Z=0.000  InRot: P=0.000000 Y=-1.000000 R=0.000000
[2014.07.11-05.49.25:162][270]LogEditorPhysMode:Warning: Mouse: X=149.000 Y=471.000 Z=0.000 InDrag: X=-8.727 Y=4.882 Z=0.000  InRot: P=0.000000 Y=0.000000 R=0.000000
[2014.07.11-05.49.25:337][274]LogEditorPhysMode:Warning: End Tracking
[2014.07.11-05.49.27:191][341]LogParticles: Destroying 0 GPU particle simulations for FXSystem 0x00000023277DCB80
[2014.07.11-05.49.28:187][380]LogEditorViewport: Clicking on Actor (LMB): SkeletalMeshActor (barrel_skel_PhysicsAsset_4)
[2014.07.11-05.49.31:005][489]LogEditorViewport: Clicking on Actor (LMB): exploding_small_barrel_C (exploding_small_barrel_3)
[2014.07.11-05.49.34:782][637]LogEditorViewport: Clicking on Actor (context menu): exploding_small_barrel_C (exploding_small_barrel_3)
[2014.07.11-05.50.55:402][306]LogEditorViewport: Clicking on Actor (LMB): exploding_small_barrel_C (exploding_small_barrel_3)
[2014.07.11-05.50.55:825][322]LogEditorViewport: Clicking on Actor (context menu): exploding_small_barrel_C (exploding_small_barrel_3)
[2014.07.11-05.50.59:703][779]LogContentBrowser:Verbose: The content browser source was changed by the sources view to 'None'
[2014.07.11-05.50.59:703][779]LogContentBrowser:Verbose: The content browser source was changed by the sources view to '/Game/stuff'
[2014.07.11-05.52.03:192][687]Cmd: OBJ SAVEPACKAGE PACKAGE="/Game/stuff/exploding_small_barrel_Child" FILE="C:/Users/Chris/Documents/GitHub/FasterThanSmell/Content/stuff/exploding_small_barrel_Child.uasset" SILENT=true
[2014.07.11-05.52.03:402][687]LogSavePackage: Save=207.477798ms
[2014.07.11-05.52.03:402][687]LogSavePackage: Moving 'C:/Users/Chris/Documents/GitHub/FasterThanSmell/Saved/exploding_small_barrel_Child6E5A4E654239C8ECCAE829886DCBCD41.tmp' to 'C:/Users/Chris/Documents/GitHub/FasterThanSmell/Content/stuff/exploding_small_barrel_Child.uasset'
[2014.07.11-05.52.03:865][709]BlueprintLog: New page: Compile exploding_small_barrel_Child
[2014.07.11-05.52.03:913][709]LogParticles: Destroying 0 GPU particle simulations for FXSystem 0x000000231A77EDE0
[2014.07.11-05.52.04:086][709]BlueprintEditorCompileResults: Info [0334.29] Compile of exploding_small_barrel_Child successful! [in 0 ms]
[2014.07.11-05.52.09:624][908]LogContentBrowser:Verbose: The content browser source was changed by the sources view to '/Game/Blueprints'
[2014.07.11-05.54.37:513][799]ImportText (LocalizedDisplayNames): Missing closing parenthesis: (Language="en",Text="Blueprint Side Scroller"
[2014.07.11-05.54.37:513][799]ImportText (LocalizedDisplayNames): Missing closing parenthesis: (Language="ko",Text="è°¸ ¡¤ld"
[2014.07.11-05.54.37:517][799]LogUProjectInfo: Found 0 directories to search
[2014.07.11-05.54.37:517][799]LogUProjectInfo: FillProjectInfo took 0.0000 seconds
[2014.07.11-05.55.39:123][661]Cmd: CLOSE_SLATE_MAINFRAME
[2014.07.11-05.55.39:124][661]LogActorComponent: UnregisterComponent: (/Engine/Transient.ProjectileMovementComponent_3) Not registered. Aborting.
[2014.07.11-05.55.39:124][661]LogActorComponent: UnregisterComponent: (/Engine/Transient.ProjectileMovementComponent_4) Not registered. Aborting.
[2014.07.11-05.55.39:140][661]LogParticles: Destroying 0 GPU particle simulations for FXSystem 0x000000231AE640E0
[2014.07.11-05.55.41:969][661]LogSavePackage: Save=212.655045ms
[2014.07.11-05.55.41:969][661]LogSavePackage: Moving 'C:/Users/Chris/Documents/GitHub/FasterThanSmell/Saved/first9D92509643832851D09F5ABFFE511162.tmp' to 'C:/Users/Chris/Documents/GitHub/FasterThanSmell/Content/Maps/first.umap'
[2014.07.11-05.55.41:982][661]LogFileHelpers: Saving map 'first' took 0.274
[2014.07.11-05.55.41:994][661]Cmd: OBJ SAVEPACKAGE PACKAGE="/Game/stuff/exploding_small_barrel_Child" FILE="C:/Users/Chris/Documents/GitHub/FasterThanSmell/Content/stuff/exploding_small_barrel_Child.uasset" SILENT=true
[2014.07.11-05.55.42:253][661]LogSavePackage: Save=244.816544ms
[2014.07.11-05.55.42:253][661]LogSavePackage: Moving 'C:/Users/Chris/Documents/GitHub/FasterThanSmell/Saved/exploding_small_barrel_ChildC8C9A2954B1E6F1F8E642C95FB8019AB.tmp' to 'C:/Users/Chris/Documents/GitHub/FasterThanSmell/Content/stuff/exploding_small_barrel_Child.uasset'
[2014.07.11-05.55.42:541][662]Cmd: QUIT_EDITOR
[2014.07.11-05.55.42:577][662]LogWindowsTextInputMethodSystem:Error: Terminating failed while unadvising the language notification sink from the TSF source.
[2014.07.11-05.55.42:579][662]LogExit: Preparing to exit.
[2014.07.11-05.55.42:904][662]LogActorComponent: UnregisterComponent: (None.None) Not registered. Aborting.
[2014.07.11-05.55.42:904][662]LogActorComponent: UnregisterComponent: (None.None) Not registered. Aborting.
[2014.07.11-05.55.42:904][662]LogActorComponent: UnregisterComponent: (None.None) Not registered. Aborting.
[2014.07.11-05.55.42:904][662]LogActorComponent: UnregisterComponent: (None.None) Not registered. Aborting.
[2014.07.11-05.55.42:904][662]LogActorComponent: UnregisterComponent: (None.None) Not registered. Aborting.
[2014.07.11-05.55.42:904][662]LogActorComponent: UnregisterComponent: (None.None) Not registered. Aborting.
[2014.07.11-05.55.42:904][662]LogActorComponent: UnregisterComponent: (None.None) Not registered. Aborting.
[2014.07.11-05.55.42:904][662]LogActorComponent: UnregisterComponent: (None.None) Not registered. Aborting.
[2014.07.11-05.55.42:904][662]LogActorComponent: UnregisterComponent: (None.None) Not registered. Aborting.
[2014.07.11-05.55.42:904][662]LogActorComponent: UnregisterComponent: (None.None) Not registered. Aborting.
[2014.07.11-05.55.42:904][662]LogActorComponent: UnregisterComponent: (None.None) Not registered. Aborting.
[2014.07.11-05.55.42:904][662]LogActorComponent: UnregisterComponent: (None.None) Not registered. Aborting.
[2014.07.11-05.55.42:904][662]LogActorComponent: UnregisterComponent: (None.None) Not registered. Aborting.
[2014.07.11-05.55.42:904][662]LogActorComponent: UnregisterComponent: (None.None) Not registered. Aborting.
[2014.07.11-05.55.42:904][662]LogActorComponent: UnregisterComponent: (None.None) Not registered. Aborting.
[2014.07.11-05.55.42:904][662]LogActorComponent: UnregisterComponent: (None.None) Not registered. Aborting.
[2014.07.11-05.55.42:904][662]LogActorComponent: UnregisterComponent: (None.None) Not registered. Aborting.
[2014.07.11-05.55.42:904][662]LogActorComponent: UnregisterComponent: (None.None) Not registered. Aborting.
[2014.07.11-05.55.42:910][662]LogExit: Editor shut down
[2014.07.11-05.55.42:911][662]LogExit: Transaction tracking system shut down
[2014.07.11-05.55.42:911][662]LogParticles: Destroying 0 GPU particle simulations for FXSystem 0x000000232D9F9940
[2014.07.11-05.55.42:912][662]LogParticles: Destroying 0 GPU particle simulations for FXSystem 0x00000023277DECA0
[2014.07.11-05.55.42:912][662]LogParticles: Destroying 0 GPU particle simulations for FXSystem 0x000000231A77E660
[2014.07.11-05.55.42:912][662]LogParticles: Destroying 0 GPU particle simulations for FXSystem 0x000000231A77E7A0
[2014.07.11-05.55.42:912][662]LogParticles: Destroying 0 GPU particle simulations for FXSystem 0x000000231AFC8720
[2014.07.11-05.55.42:912][662]LogParticles: Destroying 0 GPU particle simulations for FXSystem 0x000000231AE65DA0
[2014.07.11-05.55.42:912][662]LogParticles: Destroying 0 GPU particle simulations for FXSystem 0x0000002318D632E0
[2014.07.11-05.55.42:928][662]LogExit: Object subsystem successfully closed.
[2014.07.11-05.55.42:947][662]LogModuleManager: Shutting down and abandoning module DesktopPlatform (164)
[2014.07.11-05.55.42:947][662]LogModuleManager: Shutting down and abandoning module AndroidDeviceDetection (163)
[2014.07.11-05.55.42:947][662]LogModuleManager: Shutting down and abandoning module CrashTracker (162)
[2014.07.11-05.55.42:947][662]LogModuleManager: Shutting down and abandoning module HTTP (161)
[2014.07.11-05.55.42:947][662]LogModuleManager: Shutting down and abandoning module NewsFeed (160)
[2014.07.11-05.55.42:947][662]LogModuleManager: Shutting down and abandoning module SceneOutliner (159)
[2014.07.11-05.55.42:947][662]LogModuleManager: Shutting down and abandoning module EditorWidgets (158)
[2014.07.11-05.55.42:947][662]LogModuleManager: Shutting down and abandoning module CollectionManager (157)
[2014.07.11-05.55.42:947][662]LogModuleManager: Shutting down and abandoning module StatsViewer (156)
[2014.07.11-05.55.42:947][662]LogModuleManager: Shutting down and abandoning module FoliageEdit (155)
[2014.07.11-05.55.42:947][662]LogModuleManager: Shutting down and abandoning module LandscapeEditor (154)
[2014.07.11-05.55.42:951][662]LogModuleManager: Shutting down and abandoning module MeshPaint (153)
[2014.07.11-05.55.42:951][662]LogModuleManager: Shutting down and abandoning module ActorPickerMode (152)
[2014.07.11-05.55.42:951][662]LogModuleManager: Shutting down and abandoning module GeometryMode (151)
[2014.07.11-05.55.42:951][662]LogModuleManager: Shutting down and abandoning module TextureAlignMode (150)
[2014.07.11-05.55.42:951][662]LogModuleManager: Shutting down and abandoning module BspMode (149)
[2014.07.11-05.55.42:951][662]LogModuleManager: Shutting down and abandoning module PlacementMode (148)
[2014.07.11-05.55.42:951][662]LogModuleManager: Shutting down and abandoning module AutomationWorker (147)
[2014.07.11-05.55.42:951][662]LogModuleManager: Shutting down and abandoning module ViewportSnapping (146)
[2014.07.11-05.55.42:951][662]LogModuleManager: Shutting down and abandoning module DeviceProfileEditor (145)
[2014.07.11-05.55.42:951][662]LogModuleManager: Shutting down and abandoning module UndoHistory (144)
[2014.07.11-05.55.42:951][662]LogModuleManager: Shutting down and abandoning module GameplayTagsEditor (143)
[2014.07.11-05.55.42:951][662]LogModuleManager: Shutting down and abandoning module UserFeedback (142)
[2014.07.11-05.55.42:951][662]LogModuleManager: Shutting down and abandoning module XmlParser (141)
[2014.07.11-05.55.42:951][662]LogModuleManager: Shutting down and abandoning module Blutility (140)
[2014.07.11-05.55.42:951][662]LogModuleManager: Shutting down and abandoning module AndroidPlatformEditor (137)
[2014.07.11-05.55.42:951][662]LogModuleManager: Shutting down and abandoning module AndroidRuntimeSettings (136)
[2014.07.11-05.55.42:951][662]LogModuleManager: Shutting down and abandoning module ProjectSettingsViewer (135)
[2014.07.11-05.55.42:951][662]LogModuleManager: Shutting down and abandoning module InputBindingEditor (134)
[2014.07.11-05.55.42:951][662]LogModuleManager: Shutting down and abandoning module EditorSettingsViewer (133)
[2014.07.11-05.55.42:951][662]LogModuleManager: Shutting down and abandoning module SettingsEditor (132)
[2014.07.11-05.55.42:951][662]LogModuleManager: Shutting down and abandoning module SessionLauncher (131)
[2014.07.11-05.55.42:951][662]LogModuleManager: Shutting down and abandoning module SessionFrontend (130)
[2014.07.11-05.55.42:951][662]LogModuleManager: Shutting down and abandoning module ProfilerClient (129)
[2014.07.11-05.55.42:951][662]LogModuleManager: Shutting down and abandoning module TargetDeviceServices (128)
[2014.07.11-05.55.42:951][662]LogModuleManager: Shutting down and abandoning module DeviceManager (127)
[2014.07.11-05.55.42:951][662]LogModuleManager: Shutting down and abandoning module AutomationController (126)
[2014.07.11-05.55.42:951][662]LogModuleManager: Shutting down and abandoning module AutomationWindow (125)
[2014.07.11-05.55.42:951][662]LogModuleManager: Shutting down and abandoning module Layers (124)
[2014.07.11-05.55.42:952][662]LogModuleManager: Shutting down and abandoning module ComponentVisualizers (123)
[2014.07.11-05.55.42:952][662]LogModuleManager: Shutting down and abandoning module DetailCustomizations (122)
[2014.07.11-05.55.42:952][662]LogModuleManager: Shutting down and abandoning module PackagesDialog (121)
[2014.07.11-05.55.42:952][662]LogModuleManager: Shutting down and abandoning module PropertyEditor (120)
[2014.07.11-05.55.42:952][662]LogModuleManager: Shutting down and abandoning module DirectoryWatcher (119)
[2014.07.11-05.55.42:952][662]LogModuleManager: Shutting down and abandoning module AssetRegistry (118)
[2014.07.11-05.55.42:991][662]LogModuleManager: Shutting down and abandoning module Persona (117)
[2014.07.11-05.55.42:991][662]LogModuleManager: Shutting down and abandoning module GraphEditor (116)
[2014.07.11-05.55.42:991][662]LogModuleManager: Shutting down and abandoning module ContentBrowser (115)
[2014.07.11-05.55.42:991][662]LogModuleManager: Shutting down and abandoning module ClassViewer (114)
[2014.07.11-05.55.42:991][662]LogModuleManager: Shutting down and abandoning module Toolbox (113)
[2014.07.11-05.55.42:991][662]LogModuleManager: Shutting down and abandoning module ModuleUI (112)
[2014.07.11-05.55.42:991][662]LogModuleManager: Shutting down and abandoning module Sequencer (111)
[2014.07.11-05.55.42:991][662]LogModuleManager: Shutting down and abandoning module AssetTools (110)
[2014.07.11-05.55.42:991][662]LogModuleManager: Shutting down and abandoning module MovieSceneTools (109)
[2014.07.11-05.55.42:991][662]LogModuleManager: Shutting down and abandoning module OutputLog (108)
[2014.07.11-05.55.42:991][662]LogModuleManager: Shutting down and abandoning module GammaUI (107)
[2014.07.11-05.55.42:991][662]LogModuleManager: Shutting down and abandoning module Documentation (106)
[2014.07.11-05.55.42:991][662]LogModuleManager: Shutting down and abandoning module StreamingPauseRendering (105)
[2014.07.11-05.55.42:991][662]LogModuleManager: Shutting down and abandoning module AnalyticsET (104)
[2014.07.11-05.55.42:991][662]LogModuleManager: Shutting down and abandoning module Analytics (103)
[2014.07.11-05.55.42:991][662]LogModuleManager: Shutting down and abandoning module ProfilerService (102)
[2014.07.11-05.55.43:131][662]LogModuleManager: Shutting down and abandoning module TaskGraph (101)
[2014.07.11-05.55.43:131][662]LogModuleManager: Shutting down and abandoning module GameProjectGeneration (100)
[2014.07.11-05.55.43:131][662]LogModuleManager: Shutting down and abandoning module Matinee (99)
[2014.07.11-05.55.43:131][662]LogModuleManager: Shutting down and abandoning module Kismet (98)
[2014.07.11-05.55.43:131][662]LogModuleManager: Shutting down and abandoning module SlateReflector (97)
[2014.07.11-05.55.43:131][662]LogModuleManager: Shutting down and abandoning module LevelEditor (96)
[2014.07.11-05.55.43:131][662]LogModuleManager: Shutting down and abandoning module MainFrame (95)
[2014.07.11-05.55.43:132][662]LogModuleManager: Shutting down and abandoning module SourceControl (94)
[2014.07.11-05.55.43:132][662]LogModuleManager: Shutting down and abandoning module ImageWrapper (93)
[2014.07.11-05.55.43:132][662]LogModuleManager: Shutting down and abandoning module OnlineBlueprintSupport (92)
[2014.07.11-05.55.43:132][662]LogModuleManager: Shutting down and abandoning module FunctionalTesting (91)
[2014.07.11-05.55.43:132][662]LogModuleManager: Shutting down and abandoning module CollisionAnalyzer (90)
[2014.07.11-05.55.43:132][662]LogModuleManager: Shutting down and abandoning module WorkspaceMenuStructure (89)
[2014.07.11-05.55.43:132][662]LogModuleManager: Shutting down and abandoning module MessageLog (88)
[2014.07.11-05.55.43:132][662]LogModuleManager: Shutting down and abandoning module Slate (87)
[2014.07.11-05.55.43:132][662]LogModuleManager: Shutting down and abandoning module EditorStyle (86)
[2014.07.11-05.55.43:133][662]LogModuleManager: Shutting down and abandoning module SessionServices (85)
[2014.07.11-05.55.43:133][662]LogModuleManager: Shutting down and abandoning module Messaging (84)
[2014.07.11-05.55.43:133][662]LogModuleManager: Shutting down and abandoning module SourceCodeAccess (83)
[2014.07.11-05.55.43:133][662]LogModuleManager: Shutting down and abandoning module HeadMountedDisplay (82)
[2014.07.11-05.55.43:133][662]LogModuleManager: Shutting down and abandoning module XAudio2 (81)
[2014.07.11-05.55.43:133][662]LogModuleManager: Shutting down and abandoning module Networking (79)
[2014.07.11-05.55.43:133][662]LogModuleManager: Shutting down and abandoning module Core (78)
[2014.07.11-05.55.43:133][662]LogModuleManager: Shutting down and abandoning module KismetCompiler (77)
[2014.07.11-05.55.43:133][662]LogModuleManager: Shutting down and abandoning module PhysXFormats (76)
[2014.07.11-05.55.43:133][662]LogModuleManager: Shutting down and abandoning module SimplygonMeshReduction (75)
[2014.07.11-05.55.43:133][662]LogModuleManager: Shutting down and abandoning module MeshUtilities (74)
[2014.07.11-05.55.43:133][662]LogModuleManager: Shutting down and abandoning module DerivedDataCache (73)
[2014.07.11-05.55.43:195][662]LogDerivedDataCache: Shutdown
[2014.07.11-05.55.43:195][662]LogModuleManager: Shutting down and abandoning module ShaderFormatOpenGL (72)
[2014.07.11-05.55.43:195][662]LogModuleManager: Shutting down and abandoning module ShaderFormatD3D (71)
[2014.07.11-05.55.43:195][662]LogModuleManager: Shutting down and abandoning module TextureFormatUncompressed (70)
[2014.07.11-05.55.43:195][662]LogModuleManager: Shutting down and abandoning module TextureFormatPVR (69)
[2014.07.11-05.55.43:195][662]LogModuleManager: Shutting down and abandoning module TextureFormatDXT (68)
[2014.07.11-05.55.43:195][662]LogModuleManager: Shutting down and abandoning module TextureFormatAndroid (67)
[2014.07.11-05.55.43:195][662]LogModuleManager: Shutting down and abandoning module AudioFormatOpus (66)
[2014.07.11-05.55.43:195][662]LogModuleManager: Shutting down and abandoning module AudioFormatOgg (65)
[2014.07.11-05.55.43:195][662]LogModuleManager: Shutting down and abandoning module AudioFormatADPCM (64)
[2014.07.11-05.55.43:195][662]LogModuleManager: Shutting down and abandoning module Android_PVRTCTargetPlatform (63)
[2014.07.11-05.55.43:195][662]LogModuleManager: Shutting down and abandoning module Android_ETC2TargetPlatform (62)
[2014.07.11-05.55.43:195][662]LogModuleManager: Shutting down and abandoning module Android_ETC1TargetPlatform (61)
[2014.07.11-05.55.43:195][662]LogModuleManager: Shutting down and abandoning module Android_DXTTargetPlatform (60)
[2014.07.11-05.55.43:195][662]LogModuleManager: Shutting down and abandoning module Android_ATCTargetPlatform (59)
[2014.07.11-05.55.43:195][662]LogModuleManager: Shutting down and abandoning module AndroidTargetPlatform (58)
[2014.07.11-05.55.43:195][662]LogModuleManager: Shutting down and abandoning module WindowsTargetPlatform (57)
[2014.07.11-05.55.43:195][662]LogModuleManager: Shutting down and abandoning module WindowsServerTargetPlatform (56)
[2014.07.11-05.55.43:195][662]LogModuleManager: Shutting down and abandoning module WindowsNoEditorTargetPlatform (55)
[2014.07.11-05.55.43:195][662]LogModuleManager: Shutting down and abandoning module WindowsClientTargetPlatform (54)
[2014.07.11-05.55.43:195][662]LogModuleManager: Shutting down and abandoning module TargetPlatform (53)
[2014.07.11-05.55.43:195][662]LogModuleManager: Shutting down and abandoning module InputCore (52)
[2014.07.11-05.55.43:195][662]LogModuleManager: Shutting down and abandoning module Settings (51)
[2014.07.11-05.55.43:195][662]LogModuleManager: Shutting down and abandoning module TextureCompressor (48)
[2014.07.11-05.55.43:195][662]LogModuleManager: Shutting down and abandoning module ShaderCore (47)
[2014.07.11-05.55.43:195][662]LogModuleManager: Shutting down and abandoning module OpenGLDrv (46)
[2014.07.11-05.55.43:195][662]LogModuleManager: Shutting down and abandoning module D3D11RHI (45)
[2014.07.11-05.55.43:195][662]LogModuleManager: Shutting down and abandoning module SlateRHIRenderer (44)
[2014.07.11-05.55.43:195][662]LogModuleManager: Shutting down and abandoning module Renderer (43)
[2014.07.11-05.55.43:195][662]LogModuleManager: Shutting down and abandoning module Engine (42)
[2014.07.11-05.55.43:195][662]LogModuleManager: Shutting down and abandoning module SlateRemote (41)
[2014.07.11-05.55.43:195][662]LogModuleManager: Shutting down and abandoning module ScriptPlugin (40)
[2014.07.11-05.55.43:195][662]LogModuleManager: Shutting down and abandoning module ScriptEditorPlugin (38)
[2014.07.11-05.55.43:195][662]LogModuleManager: Shutting down and abandoning module WindowsMoviePlayer (37)
[2014.07.11-05.55.43:197][662]LogModuleManager: Shutting down and abandoning module ExampleDeviceProfileSelector (32)
[2014.07.11-05.55.43:197][662]LogModuleManager: Shutting down and abandoning module CustomMeshComponent (31)
[2014.07.11-05.55.43:197][662]LogModuleManager: Shutting down and abandoning module CableComponent (30)
[2014.07.11-05.55.43:197][662]LogModuleManager: Shutting down and abandoning module OculusRift (26)
[2014.07.11-05.55.43:197][662]LogModuleManager: Shutting down and abandoning module UdpMessaging (25)
[2014.07.11-05.55.43:298][662]LogModuleManager: Shutting down and abandoning module MessagingDebugger (24)
[2014.07.11-05.55.43:298][662]LogModuleManager: Shutting down and abandoning module PluginsEditor (14)
[2014.07.11-05.55.43:298][662]LogModuleManager: Shutting down and abandoning module IntroTutorials (13)
[2014.07.11-05.55.43:298][662]LogModuleManager: Shutting down and abandoning module EpicSurvey (12)
[2014.07.11-05.55.43:298][662]LogModuleManager: Shutting down and abandoning module VisualStudioSourceCodeAccess (10)
[2014.07.11-05.55.43:298][662]LogModuleManager: Shutting down and abandoning module UObjectPlugin (9)
[2014.07.11-05.55.43:298][662]LogModuleManager: Shutting down and abandoning module SubversionSourceControl (8)
[2014.07.11-05.55.43:298][662]LogModuleManager: Shutting down and abandoning module PerforceSourceControl (7)
[2014.07.11-05.55.43:298][662]LogModuleManager: Shutting down and abandoning module BlankPlugin (6)
[2014.07.11-05.55.43:298][662]LogModuleManager: Shutting down and abandoning module CoreUObject (5)
[2014.07.11-05.55.43:298][662]LogModuleManager: Shutting down and abandoning module NetworkFile (4)
[2014.07.11-05.55.43:298][662]LogModuleManager: Shutting down and abandoning module StreamingFile (3)
[2014.07.11-05.55.43:298][662]LogModuleManager: Shutting down and abandoning module SandboxFile (2)
[2014.07.11-05.55.43:298][662]LogModuleManager: Shutting down and abandoning module PakFile (1)
[2014.07.11-05.55.43:298][662]LogExit: Exiting.
[2014.07.11-05.55.43:304][662]Log file closed, 07/11/14 00:55:43
